<?xml version="1.0" encoding="UTF-8"?>
<!-- Generated by org.testng.reporters.JUnitReportReporter -->
<testsuite hostname="CTAS-Laptop076" failures="0" tests="1" name="mhdnurfaizzy.ExtentReports.extentReportDemo" time="22.497" errors="0" timestamp="2024-02-26T10:02:37 ICT" skipped="0">
  <testcase classname="mhdnurfaizzy.ExtentReports.extentReportDemo" name="initialTest" time="22.497"/>
</testsuite> <!-- mhdnurfaizzy.ExtentReports.extentReportDemo -->
